Using pre-set license
Built from '2020.3/staging' branch; Version is '2020.3.25f1 (9b9180224418) revision 10195328'; Using compiler version '192528614'; Build Type 'Release'
OS: 'Windows 10  (10.0.19043) 64bit Professional' Language: 'zh' Physical Memory: 16217 MB
BatchMode: 1, IsHumanControllingUs: 0, StartBugReporterOnCrash: 0, Is64bit: 1, IsPro: 0

COMMAND LINE ARGUMENTS:
C:\Program Files\Unity\Hub\Editor\2020.3.25f1\Editor\Unity.exe
-adb2
-batchMode
-noUpm
-name
AssetImportWorker0
-projectPath
C:/Users/user/Documents/GitHub/Unity_TNU_WebGame/WebGame_40725016_20220222
-logFile
Logs/AssetImportWorker0.log
-srvPort
1458
Successfully changed project path to: C:/Users/user/Documents/GitHub/Unity_TNU_WebGame/WebGame_40725016_20220222
C:/Users/user/Documents/GitHub/Unity_TNU_WebGame/WebGame_40725016_20220222
Using Asset Import Pipeline V2.
Refreshing native plugins compatible for Editor in 41.26 ms, found 3 plugins.
Preloading 0 native plugins for Editor in 0.00 ms.
Initialize engine version: 2020.3.25f1 (9b9180224418)
[Subsystems] Discovering subsystems at path C:/Program Files/Unity/Hub/Editor/2020.3.25f1/Editor/Data/Resources/UnitySubsystems
[Subsystems] Discovering subsystems at path C:/Users/user/Documents/GitHub/Unity_TNU_WebGame/WebGame_40725016_20220222/Assets
GfxDevice: creating device client; threaded=0
Direct3D:
    Version:  Direct3D 11.0 [level 11.1]
    Renderer: NVIDIA GeForce GTX 1650 SUPER (ID=0x2187)
    Vendor:   
    VRAM:     3955 MB
    Driver:   27.21.14.5671
Initialize mono
Mono path[0] = 'C:/Program Files/Unity/Hub/Editor/2020.3.25f1/Editor/Data/Managed'
Mono path[1] = 'C:/Program Files/Unity/Hub/Editor/2020.3.25f1/Editor/Data/MonoBleedingEdge/lib/mono/unityjit'
Mono config path = 'C:/Program Files/Unity/Hub/Editor/2020.3.25f1/Editor/Data/MonoBleedingEdge/etc'
Using monoOptions --debugger-agent=transport=dt_socket,embedding=1,server=y,suspend=n,address=127.0.0.1:56616
Begin MonoManager ReloadAssembly
Registering precompiled unity dll's ...
Register platform support module: C:/Program Files/Unity/Hub/Editor/2020.3.25f1/Editor/Data/PlaybackEngines/WebGLSupport/UnityEditor.WebGL.Extensions.dll
Register platform support module: C:/Program Files/Unity/Hub/Editor/2020.3.25f1/Editor/Data/PlaybackEngines/WindowsStandaloneSupport/UnityEditor.WindowsStandalone.Extensions.dll
Registered in 0.004022 seconds.
Native extension for WindowsStandalone target not found
Native extension for WebGL target not found
Refreshing native plugins compatible for Editor in 37.43 ms, found 3 plugins.
Preloading 0 native plugins for Editor in 0.00 ms.
Mono: successfully reloaded assembly
- Completed reload, in  0.505 seconds
Domain Reload Profiling:
	ReloadAssembly (505ms)
		BeginReloadAssembly (62ms)
			ExecutionOrderSort (0ms)
			DisableScriptedObjects (0ms)
			BackupInstance (0ms)
			ReleaseScriptingObjects (0ms)
			CreateAndSetChildDomain (1ms)
		EndReloadAssembly (371ms)
			LoadAssemblies (59ms)
			RebuildTransferFunctionScriptingTraits (0ms)
			SetupTypeCache (120ms)
			ReleaseScriptCaches (0ms)
			RebuildScriptCaches (25ms)
			SetupLoadedEditorAssemblies (136ms)
				LogAssemblyErrors (0ms)
				InitializePlatformSupportModulesInManaged (5ms)
				SetLoadedEditorAssemblies (0ms)
				RefreshPlugins (37ms)
				BeforeProcessingInitializeOnLoad (7ms)
				ProcessInitializeOnLoadAttributes (64ms)
				ProcessInitializeOnLoadMethodAttributes (22ms)
				AfterProcessingInitializeOnLoad (0ms)
				EditorAssembliesLoaded (0ms)
			ExecutionOrderSort2 (0ms)
			AwakeInstancesAfterBackupRestoration (0ms)
Platform modules already initialized, skipping
Registering precompiled user dll's ...
Registered in 0.005873 seconds.
Begin MonoManager ReloadAssembly
Native extension for WindowsStandalone target not found
Native extension for WebGL target not found
Refreshing native plugins compatible for Editor in 36.94 ms, found 3 plugins.
Preloading 0 native plugins for Editor in 0.00 ms.
Mono: successfully reloaded assembly
- Completed reload, in  0.956 seconds
Domain Reload Profiling:
	ReloadAssembly (957ms)
		BeginReloadAssembly (133ms)
			ExecutionOrderSort (0ms)
			DisableScriptedObjects (4ms)
			BackupInstance (0ms)
			ReleaseScriptingObjects (0ms)
			CreateAndSetChildDomain (14ms)
		EndReloadAssembly (764ms)
			LoadAssemblies (97ms)
			RebuildTransferFunctionScriptingTraits (0ms)
			SetupTypeCache (242ms)
			ReleaseScriptCaches (0ms)
			RebuildScriptCaches (37ms)
			SetupLoadedEditorAssemblies (297ms)
				LogAssemblyErrors (0ms)
				InitializePlatformSupportModulesInManaged (4ms)
				SetLoadedEditorAssemblies (0ms)
				RefreshPlugins (37ms)
				BeforeProcessingInitializeOnLoad (74ms)
				ProcessInitializeOnLoadAttributes (157ms)
				ProcessInitializeOnLoadMethodAttributes (14ms)
				AfterProcessingInitializeOnLoad (12ms)
				EditorAssembliesLoaded (0ms)
			ExecutionOrderSort2 (0ms)
			AwakeInstancesAfterBackupRestoration (6ms)
Platform modules already initialized, skipping
========================================================================
Worker process is ready to serve import requests
Launched and connected shader compiler UnityShaderCompiler.exe after 0.03 seconds
Refreshing native plugins compatible for Editor in 0.47 ms, found 3 plugins.
Preloading 0 native plugins for Editor in 0.00 ms.
Unloading 2194 Unused Serialized files (Serialized files now loaded: 0)
System memory in use before: 96.4 MB.
System memory in use after: 96.5 MB.

Unloading 28 unused Assets to reduce memory usage. Loaded Objects now: 2627.
Total: 2.423900 ms (FindLiveObjects: 0.128600 ms CreateObjectMapping: 0.058200 ms MarkObjects: 2.190900 ms  DeleteObjects: 0.045300 ms)

AssetImportParameters requested are different than current active one (requested -> active):
  custom:framework-win-MediaFoundation: 216162199b28c13a410421893ffa2e32 -> 
  custom:video-decoder-ogg-theora: a1e56fd34408186e4bbccfd4996cb3dc -> 
  custom:container-muxer-webm: aa71ff27fc2769a1b78a27578f13a17b -> 
  custom:container-demuxer-webm: 4f35f7cbe854078d1ac9338744f61a02 -> 
  custom:container-demuxer-ogg: 62fdf1f143b41e24485cea50d1cbac27 -> 
  custom:video-encoder-webm-vp8: eb34c28f22e8b96e1ab97ce403110664 -> 
  custom:video-decoder-webm-vp8: 9c59270c3fd7afecdb556c50c9e8de78 -> 
  custom:audio-decoder-ogg-vorbis: bf7c407c2cedff20999df2af8eb42d56 -> 
  custom:audio-encoder-webm-vorbis: bf7c407c2cedff20999df2af8eb42d56 -> 
========================================================================
Received Import Request.
  path: Assets/Scenes/SampleScene.unity
  artifactKey: Guid(2cda990e2423bbf4892e6590ba056729) Importer(815301076,1909f56bfc062723c751e8b465ee728b)
Start importing Assets/Scenes/SampleScene.unity using Guid(2cda990e2423bbf4892e6590ba056729) Importer(815301076,1909f56bfc062723c751e8b465ee728b)  -> (artifact id: 'aa27944bdea339c97c39027c7eea529c') in 0.010943 seconds 
  Import took 0.013354 seconds .

========================================================================
Received Import Request.
  Time since last request: 8.284502 seconds.
  path: Assets/圖片/65599_cash_gold_money_payment_icon.png
  artifactKey: Guid(a6d719fb5f774404289bf545e97073a1) Importer(815301076,1909f56bfc062723c751e8b465ee728b)
Start importing Assets/圖片/65599_cash_gold_money_payment_icon.png using Guid(a6d719fb5f774404289bf545e97073a1) Importer(815301076,1909f56bfc062723c751e8b465ee728b)  -> (artifact id: '5fe341a614845d2a8a4095a988ebd533') in 0.113432 seconds 
  Import took 0.116176 seconds .

========================================================================
Received Import Request.
  Time since last request: 0.000222 seconds.
  path: Assets/圖片/方形圖片.png
  artifactKey: Guid(a5b65c1cbbe01cd4f97494ea53849956) Importer(815301076,1909f56bfc062723c751e8b465ee728b)
Start importing Assets/圖片/方形圖片.png using Guid(a5b65c1cbbe01cd4f97494ea53849956) Importer(815301076,1909f56bfc062723c751e8b465ee728b)  -> (artifact id: 'c1240c319a81128a3277184d2e6398ef') in 0.021519 seconds 
  Import took 0.024001 seconds .

========================================================================
Received Import Request.
  Time since last request: 0.000258 seconds.
  path: Assets/圖片/3792082_halloween_horror_skeleton_skull_icon.png
  artifactKey: Guid(33d68ec8c9a43e546ba269f4ae019a4f) Importer(815301076,1909f56bfc062723c751e8b465ee728b)
Start importing Assets/圖片/3792082_halloween_horror_skeleton_skull_icon.png using Guid(33d68ec8c9a43e546ba269f4ae019a4f) Importer(815301076,1909f56bfc062723c751e8b465ee728b)  -> (artifact id: '2685e32b7fabd8f0279099d74119d012') in 0.028457 seconds 
  Import took 0.030851 seconds .

========================================================================
Received Import Request.
  Time since last request: 0.874822 seconds.
  path: Assets/調色盤/floor_1.asset
  artifactKey: Guid(802cc7a743cf41148a91e2b0a394d37e) Importer(815301076,1909f56bfc062723c751e8b465ee728b)
Start importing Assets/調色盤/floor_1.asset using Guid(802cc7a743cf41148a91e2b0a394d37e) Importer(815301076,1909f56bfc062723c751e8b465ee728b)  -> (artifact id: 'c08c49ac1becdc24ef6a1d05dd0860a0') in 0.037705 seconds 
  Import took 0.040372 seconds .

========================================================================
Received Import Request.
  Time since last request: 0.000221 seconds.
  path: Assets/調色盤/floor_6.asset
  artifactKey: Guid(b2e25f7bef4cb994b8f6f5e6127a84a9) Importer(815301076,1909f56bfc062723c751e8b465ee728b)
Start importing Assets/調色盤/floor_6.asset using Guid(b2e25f7bef4cb994b8f6f5e6127a84a9) Importer(815301076,1909f56bfc062723c751e8b465ee728b)  -> (artifact id: '113fbf850e9bfef5bf17d3e9c32044e2') in 0.007090 seconds 
  Import took 0.009436 seconds .

========================================================================
Received Import Request.
  Time since last request: 0.000257 seconds.
  path: Assets/調色盤/wall_corner_bottom_right.asset
  artifactKey: Guid(e21336a5b86759d4d8b901b5ccde1bc3) Importer(815301076,1909f56bfc062723c751e8b465ee728b)
Start importing Assets/調色盤/wall_corner_bottom_right.asset using Guid(e21336a5b86759d4d8b901b5ccde1bc3) Importer(815301076,1909f56bfc062723c751e8b465ee728b)  -> (artifact id: 'fb6cda869b2b71edff57303ab2b1f2f7') in 0.007732 seconds 
  Import took 0.010128 seconds .

========================================================================
Received Import Request.
  Time since last request: 0.000232 seconds.
  path: Assets/調色盤/floor_4.asset
  artifactKey: Guid(786f3075a9ad3a742bfe97417877f08e) Importer(815301076,1909f56bfc062723c751e8b465ee728b)
Start importing Assets/調色盤/floor_4.asset using Guid(786f3075a9ad3a742bfe97417877f08e) Importer(815301076,1909f56bfc062723c751e8b465ee728b)  -> (artifact id: 'ca0c666679f83cf480566de06bf15115') in 0.013811 seconds 
  Import took 0.016822 seconds .

========================================================================
Received Import Request.
  Time since last request: 0.000157 seconds.
  path: Assets/調色盤/floor_8.asset
  artifactKey: Guid(24235be5e75db12478cd808a3f85b8d0) Importer(815301076,1909f56bfc062723c751e8b465ee728b)
Start importing Assets/調色盤/floor_8.asset using Guid(24235be5e75db12478cd808a3f85b8d0) Importer(815301076,1909f56bfc062723c751e8b465ee728b)  -> (artifact id: '9fcf5a011ed1aef2a64bd2073ed08090') in 0.012597 seconds 
  Import took 0.015208 seconds .

========================================================================
Received Import Request.
  Time since last request: 0.000242 seconds.
  path: Assets/調色盤/wall_corner_left.asset
  artifactKey: Guid(8a65b59737b90194cbd8ec0eb364f21a) Importer(815301076,1909f56bfc062723c751e8b465ee728b)
Start importing Assets/調色盤/wall_corner_left.asset using Guid(8a65b59737b90194cbd8ec0eb364f21a) Importer(815301076,1909f56bfc062723c751e8b465ee728b)  -> (artifact id: '6864a42f2773469f6b00f277687156ad') in 0.013081 seconds 
  Import took 0.015612 seconds .

========================================================================
Received Import Request.
  Time since last request: 0.000212 seconds.
  path: Assets/調色盤/floor_7.asset
  artifactKey: Guid(142d759da973abb4c989d6312f62b287) Importer(815301076,1909f56bfc062723c751e8b465ee728b)
Start importing Assets/調色盤/floor_7.asset using Guid(142d759da973abb4c989d6312f62b287) Importer(815301076,1909f56bfc062723c751e8b465ee728b)  -> (artifact id: '70d6bed600a57b6d3573313d720ff49e') in 0.008513 seconds 
  Import took 0.010990 seconds .

========================================================================
Received Import Request.
  Time since last request: 0.000196 seconds.
  path: Assets/調色盤/wall_corner_front_left.asset
  artifactKey: Guid(ef32c9957b866d24f897c0411fe24f61) Importer(815301076,1909f56bfc062723c751e8b465ee728b)
Start importing Assets/調色盤/wall_corner_front_left.asset using Guid(ef32c9957b866d24f897c0411fe24f61) Importer(815301076,1909f56bfc062723c751e8b465ee728b)  -> (artifact id: 'bed2f704d09a7a0edc0896094b42f4ec') in 0.005656 seconds 
  Import took 0.008196 seconds .

========================================================================
Received Import Request.
  Time since last request: 0.000229 seconds.
  path: Assets/調色盤/floor_5.asset
  artifactKey: Guid(a67f1cff759e56e4188c37fc2266fe9e) Importer(815301076,1909f56bfc062723c751e8b465ee728b)
Start importing Assets/調色盤/floor_5.asset using Guid(a67f1cff759e56e4188c37fc2266fe9e) Importer(815301076,1909f56bfc062723c751e8b465ee728b)  -> (artifact id: 'b7a49fb06fa064896d9f261e858b2518') in 0.009400 seconds 
  Import took 0.012050 seconds .

========================================================================
Received Import Request.
  Time since last request: 0.000195 seconds.
  path: Assets/調色盤/wall_corner_front_right.asset
  artifactKey: Guid(2f45b721d65a0ed42a1e91fa80d6a476) Importer(815301076,1909f56bfc062723c751e8b465ee728b)
Start importing Assets/調色盤/wall_corner_front_right.asset using Guid(2f45b721d65a0ed42a1e91fa80d6a476) Importer(815301076,1909f56bfc062723c751e8b465ee728b)  -> (artifact id: '9d4542c67e768a5904ca29590be7182b') in 0.005793 seconds 
  Import took 0.008311 seconds .

========================================================================
Received Import Request.
  Time since last request: 0.000198 seconds.
  path: Assets/調色盤/wall_corner_bottom_left.asset
  artifactKey: Guid(62045ab721cc23a449214892995e9da4) Importer(815301076,1909f56bfc062723c751e8b465ee728b)
Start importing Assets/調色盤/wall_corner_bottom_left.asset using Guid(62045ab721cc23a449214892995e9da4) Importer(815301076,1909f56bfc062723c751e8b465ee728b)  -> (artifact id: '62a10a5ab7f8919e7d73c8f377a708f8') in 0.007763 seconds 
  Import took 0.010204 seconds .

========================================================================
Received Import Request.
  Time since last request: 0.000198 seconds.
  path: Assets/調色盤/floor_2.asset
  artifactKey: Guid(a07df208e9844b64f8950ee593974e46) Importer(815301076,1909f56bfc062723c751e8b465ee728b)
Start importing Assets/調色盤/floor_2.asset using Guid(a07df208e9844b64f8950ee593974e46) Importer(815301076,1909f56bfc062723c751e8b465ee728b)  -> (artifact id: '65c72e7111fd2d66f786994cf8bba1bf') in 0.013646 seconds 
  Import took 0.016450 seconds .

========================================================================
Received Import Request.
  Time since last request: 0.000188 seconds.
  path: Assets/調色盤/floor_3.asset
  artifactKey: Guid(101beb6299fb6fa4fb3838066b682c39) Importer(815301076,1909f56bfc062723c751e8b465ee728b)
Start importing Assets/調色盤/floor_3.asset using Guid(101beb6299fb6fa4fb3838066b682c39) Importer(815301076,1909f56bfc062723c751e8b465ee728b)  -> (artifact id: 'a0d131e2c22035e1e90cffea919d335d') in 0.011143 seconds 
  Import took 0.013886 seconds .

========================================================================
Received Import Request.
  Time since last request: 2.019785 seconds.
  path: Assets/場景/森林.unity
  artifactKey: Guid(f8b174c70fd4e8d4ead8dd5b4b9ecf6b) Importer(815301076,1909f56bfc062723c751e8b465ee728b)
Start importing Assets/場景/森林.unity using Guid(f8b174c70fd4e8d4ead8dd5b4b9ecf6b) Importer(815301076,1909f56bfc062723c751e8b465ee728b)  -> (artifact id: '87bba5f67f46640e23ab56eb7bffd365') in 0.002391 seconds 
  Import took 0.005225 seconds .

========================================================================
Received Import Request.
  Time since last request: 24.287114 seconds.
  path: Assets
  artifactKey: Guid(00000000000000001000000000000000) Importer(815301076,1909f56bfc062723c751e8b465ee728b)
Start importing Assets using Guid(00000000000000001000000000000000) Importer(815301076,1909f56bfc062723c751e8b465ee728b)  -> (artifact id: '42d402b061de3733987d63b9cc3b64de') in 0.002007 seconds 
  Import took 0.005419 seconds .

========================================================================
Received Import Request.
  Time since last request: 11.260101 seconds.
  path: Assets/腳本
  artifactKey: Guid(eb9ea31b5bd48564ebe2937c83d49288) Importer(815301076,1909f56bfc062723c751e8b465ee728b)
Start importing Assets/腳本 using Guid(eb9ea31b5bd48564ebe2937c83d49288) Importer(815301076,1909f56bfc062723c751e8b465ee728b)  -> (artifact id: '33f1c87246b43ba3adda6e13d33bccfc') in 0.002140 seconds 
  Import took 0.005448 seconds .

========================================================================
Received Import Request.
  Time since last request: 29.344772 seconds.
  path: Assets/腳本/TopDown.cs
  artifactKey: Guid(f52439358ca7d0349a1c5ed7715195f0) Importer(815301076,1909f56bfc062723c751e8b465ee728b)
Start importing Assets/腳本/TopDown.cs using Guid(f52439358ca7d0349a1c5ed7715195f0) Importer(815301076,1909f56bfc062723c751e8b465ee728b)  -> (artifact id: 'df91b7f8b973d6d8d881616f4b5f2461') in 0.008815 seconds 
  Import took 0.011812 seconds .

========================================================================
Received Prepare
Registering precompiled user dll's ...
Registered in 0.005458 seconds.
Begin MonoManager ReloadAssembly
Native extension for WindowsStandalone target not found
Native extension for WebGL target not found
Refreshing native plugins compatible for Editor in 0.43 ms, found 3 plugins.
Preloading 0 native plugins for Editor in 0.00 ms.
Mono: successfully reloaded assembly
- Completed reload, in  0.879 seconds
Domain Reload Profiling:
	ReloadAssembly (879ms)
		BeginReloadAssembly (110ms)
			ExecutionOrderSort (0ms)
			DisableScriptedObjects (5ms)
			BackupInstance (0ms)
			ReleaseScriptingObjects (0ms)
			CreateAndSetChildDomain (28ms)
		EndReloadAssembly (704ms)
			LoadAssemblies (93ms)
			RebuildTransferFunctionScriptingTraits (0ms)
			SetupTypeCache (243ms)
			ReleaseScriptCaches (1ms)
			RebuildScriptCaches (34ms)
			SetupLoadedEditorAssemblies (258ms)
				LogAssemblyErrors (0ms)
				InitializePlatformSupportModulesInManaged (5ms)
				SetLoadedEditorAssemblies (0ms)
				RefreshPlugins (0ms)
				BeforeProcessingInitializeOnLoad (68ms)
				ProcessInitializeOnLoadAttributes (163ms)
				ProcessInitializeOnLoadMethodAttributes (10ms)
				AfterProcessingInitializeOnLoad (12ms)
				EditorAssembliesLoaded (0ms)
			ExecutionOrderSort2 (0ms)
			AwakeInstancesAfterBackupRestoration (7ms)
Platform modules already initialized, skipping
Refreshing native plugins compatible for Editor in 0.49 ms, found 3 plugins.
Preloading 0 native plugins for Editor in 0.00 ms.
Unloading 2184 Unused Serialized files (Serialized files now loaded: 0)
System memory in use before: 98.8 MB.
System memory in use after: 98.9 MB.

Unloading 17 unused Assets to reduce memory usage. Loaded Objects now: 2641.
Total: 2.334300 ms (FindLiveObjects: 0.123200 ms CreateObjectMapping: 0.056700 ms MarkObjects: 2.142800 ms  DeleteObjects: 0.011000 ms)

AssetImportParameters requested are different than current active one (requested -> active):
  custom:framework-win-MediaFoundation: 216162199b28c13a410421893ffa2e32 -> 
  custom:video-decoder-ogg-theora: a1e56fd34408186e4bbccfd4996cb3dc -> 
  custom:container-muxer-webm: aa71ff27fc2769a1b78a27578f13a17b -> 
  custom:container-demuxer-webm: 4f35f7cbe854078d1ac9338744f61a02 -> 
  custom:container-demuxer-ogg: 62fdf1f143b41e24485cea50d1cbac27 -> 
  custom:video-encoder-webm-vp8: eb34c28f22e8b96e1ab97ce403110664 -> 
  custom:video-decoder-webm-vp8: 9c59270c3fd7afecdb556c50c9e8de78 -> 
  custom:audio-decoder-ogg-vorbis: bf7c407c2cedff20999df2af8eb42d56 -> 
  custom:audio-encoder-webm-vorbis: bf7c407c2cedff20999df2af8eb42d56 -> 
========================================================================
Received Prepare
Registering precompiled user dll's ...
Registered in 0.005454 seconds.
Begin MonoManager ReloadAssembly
Native extension for WindowsStandalone target not found
Native extension for WebGL target not found
Refreshing native plugins compatible for Editor in 0.43 ms, found 3 plugins.
Preloading 0 native plugins for Editor in 0.00 ms.
Mono: successfully reloaded assembly
- Completed reload, in  0.887 seconds
Domain Reload Profiling:
	ReloadAssembly (887ms)
		BeginReloadAssembly (116ms)
			ExecutionOrderSort (0ms)
			DisableScriptedObjects (6ms)
			BackupInstance (0ms)
			ReleaseScriptingObjects (0ms)
			CreateAndSetChildDomain (27ms)
		EndReloadAssembly (709ms)
			LoadAssemblies (95ms)
			RebuildTransferFunctionScriptingTraits (0ms)
			SetupTypeCache (239ms)
			ReleaseScriptCaches (1ms)
			RebuildScriptCaches (35ms)
			SetupLoadedEditorAssemblies (264ms)
				LogAssemblyErrors (0ms)
				InitializePlatformSupportModulesInManaged (5ms)
				SetLoadedEditorAssemblies (0ms)
				RefreshPlugins (0ms)
				BeforeProcessingInitializeOnLoad (70ms)
				ProcessInitializeOnLoadAttributes (167ms)
				ProcessInitializeOnLoadMethodAttributes (10ms)
				AfterProcessingInitializeOnLoad (12ms)
				EditorAssembliesLoaded (0ms)
			ExecutionOrderSort2 (0ms)
			AwakeInstancesAfterBackupRestoration (7ms)
Platform modules already initialized, skipping
Refreshing native plugins compatible for Editor in 0.52 ms, found 3 plugins.
Preloading 0 native plugins for Editor in 0.00 ms.
Unloading 2184 Unused Serialized files (Serialized files now loaded: 0)
System memory in use before: 98.9 MB.
System memory in use after: 99.0 MB.

Unloading 17 unused Assets to reduce memory usage. Loaded Objects now: 2643.
Total: 2.366200 ms (FindLiveObjects: 0.123600 ms CreateObjectMapping: 0.059900 ms MarkObjects: 2.169900 ms  DeleteObjects: 0.011700 ms)

AssetImportParameters requested are different than current active one (requested -> active):
  custom:framework-win-MediaFoundation: 216162199b28c13a410421893ffa2e32 -> 
  custom:video-decoder-ogg-theora: a1e56fd34408186e4bbccfd4996cb3dc -> 
  custom:container-muxer-webm: aa71ff27fc2769a1b78a27578f13a17b -> 
  custom:container-demuxer-webm: 4f35f7cbe854078d1ac9338744f61a02 -> 
  custom:container-demuxer-ogg: 62fdf1f143b41e24485cea50d1cbac27 -> 
  custom:video-encoder-webm-vp8: eb34c28f22e8b96e1ab97ce403110664 -> 
  custom:video-decoder-webm-vp8: 9c59270c3fd7afecdb556c50c9e8de78 -> 
  custom:audio-decoder-ogg-vorbis: bf7c407c2cedff20999df2af8eb42d56 -> 
  custom:audio-encoder-webm-vorbis: bf7c407c2cedff20999df2af8eb42d56 -> 
========================================================================
Received Import Request.
  Time since last request: 5883.378288 seconds.
  path: Assets/調色盤/wall_corner_right.asset
  artifactKey: Guid(ef20de9a11d97654d901a82340d70208) Importer(815301076,1909f56bfc062723c751e8b465ee728b)
Start importing Assets/調色盤/wall_corner_right.asset using Guid(ef20de9a11d97654d901a82340d70208) Importer(815301076,1909f56bfc062723c751e8b465ee728b)  -> (artifact id: '7506286105f7a0d2e266fc1cce490686') in 0.039832 seconds 
  Import took 0.043216 seconds .

========================================================================
Received Import Request.
  Time since last request: 0.000271 seconds.
  path: Assets/調色盤/wall_corner_top_right.asset
  artifactKey: Guid(6b46c7b73a18eed47bfddc3fb7960d0b) Importer(815301076,1909f56bfc062723c751e8b465ee728b)
Start importing Assets/調色盤/wall_corner_top_right.asset using Guid(6b46c7b73a18eed47bfddc3fb7960d0b) Importer(815301076,1909f56bfc062723c751e8b465ee728b)  -> (artifact id: '1a4a6b7708c69231a644ad6bf0d263d6') in 0.006234 seconds 
  Import took 0.008947 seconds .

========================================================================
Received Import Request.
  Time since last request: 0.000242 seconds.
  path: Assets/調色盤/石磚.prefab
  artifactKey: Guid(a501a29624a57084386fb4d2cf3546e7) Importer(815301076,1909f56bfc062723c751e8b465ee728b)
Start importing Assets/調色盤/石磚.prefab using Guid(a501a29624a57084386fb4d2cf3546e7) Importer(815301076,1909f56bfc062723c751e8b465ee728b)  -> (artifact id: '8ddac6bce34099689bd04a0926a252e0') in 0.045372 seconds 
  Import took 0.048257 seconds .

========================================================================
Received Import Request.
  Time since last request: 0.000242 seconds.
  path: Assets/調色盤/wall_corner_top_left.asset
  artifactKey: Guid(97cddc68a1ed62849ad0db1262ea0628) Importer(815301076,1909f56bfc062723c751e8b465ee728b)
Start importing Assets/調色盤/wall_corner_top_left.asset using Guid(97cddc68a1ed62849ad0db1262ea0628) Importer(815301076,1909f56bfc062723c751e8b465ee728b)  -> (artifact id: 'f44416e5a7fd92802b0570adeacb76fa') in 0.005343 seconds 
  Import took 0.007950 seconds .

========================================================================
Received Import Request.
  Time since last request: 1.261571 seconds.
  path: Assets/腳本/TopDown.cs
  artifactKey: Guid(f52439358ca7d0349a1c5ed7715195f0) Importer(815301076,1909f56bfc062723c751e8b465ee728b)
Start importing Assets/腳本/TopDown.cs using Guid(f52439358ca7d0349a1c5ed7715195f0) Importer(815301076,1909f56bfc062723c751e8b465ee728b)  -> (artifact id: '97e43ab6f3a2e69c394e6f841b3babd4') in 0.001746 seconds 
  Import took 0.005097 seconds .

========================================================================
Received Prepare
Registering precompiled user dll's ...
Registered in 0.005680 seconds.
Begin MonoManager ReloadAssembly
Native extension for WindowsStandalone target not found
Native extension for WebGL target not found
Refreshing native plugins compatible for Editor in 0.43 ms, found 3 plugins.
Preloading 0 native plugins for Editor in 0.00 ms.
Mono: successfully reloaded assembly
- Completed reload, in  0.907 seconds
Domain Reload Profiling:
	ReloadAssembly (908ms)
		BeginReloadAssembly (121ms)
			ExecutionOrderSort (0ms)
			DisableScriptedObjects (5ms)
			BackupInstance (0ms)
			ReleaseScriptingObjects (0ms)
			CreateAndSetChildDomain (27ms)
		EndReloadAssembly (725ms)
			LoadAssemblies (99ms)
			RebuildTransferFunctionScriptingTraits (0ms)
			SetupTypeCache (247ms)
			ReleaseScriptCaches (1ms)
			RebuildScriptCaches (34ms)
			SetupLoadedEditorAssemblies (267ms)
				LogAssemblyErrors (0ms)
				InitializePlatformSupportModulesInManaged (5ms)
				SetLoadedEditorAssemblies (0ms)
				RefreshPlugins (0ms)
				BeforeProcessingInitializeOnLoad (72ms)
				ProcessInitializeOnLoadAttributes (166ms)
				ProcessInitializeOnLoadMethodAttributes (10ms)
				AfterProcessingInitializeOnLoad (13ms)
				EditorAssembliesLoaded (0ms)
			ExecutionOrderSort2 (0ms)
			AwakeInstancesAfterBackupRestoration (8ms)
Platform modules already initialized, skipping
Refreshing native plugins compatible for Editor in 0.46 ms, found 3 plugins.
Preloading 0 native plugins for Editor in 0.00 ms.
Unloading 2184 Unused Serialized files (Serialized files now loaded: 0)
System memory in use before: 98.9 MB.
System memory in use after: 99.1 MB.

Unloading 17 unused Assets to reduce memory usage. Loaded Objects now: 2650.
Total: 2.404000 ms (FindLiveObjects: 0.128700 ms CreateObjectMapping: 0.061300 ms MarkObjects: 2.199700 ms  DeleteObjects: 0.013700 ms)

AssetImportParameters requested are different than current active one (requested -> active):
  custom:framework-win-MediaFoundation: 216162199b28c13a410421893ffa2e32 -> 
  custom:video-decoder-ogg-theora: a1e56fd34408186e4bbccfd4996cb3dc -> 
  custom:container-muxer-webm: aa71ff27fc2769a1b78a27578f13a17b -> 
  custom:container-demuxer-webm: 4f35f7cbe854078d1ac9338744f61a02 -> 
  custom:container-demuxer-ogg: 62fdf1f143b41e24485cea50d1cbac27 -> 
  custom:video-encoder-webm-vp8: eb34c28f22e8b96e1ab97ce403110664 -> 
  custom:video-decoder-webm-vp8: 9c59270c3fd7afecdb556c50c9e8de78 -> 
  custom:audio-decoder-ogg-vorbis: bf7c407c2cedff20999df2af8eb42d56 -> 
  custom:audio-encoder-webm-vorbis: bf7c407c2cedff20999df2af8eb42d56 -> 
========================================================================
Received Import Request.
  Time since last request: 954.098231 seconds.
  path: Assets/腳本/TopDown.cs
  artifactKey: Guid(f52439358ca7d0349a1c5ed7715195f0) Importer(815301076,1909f56bfc062723c751e8b465ee728b)
Start importing Assets/腳本/TopDown.cs using Guid(f52439358ca7d0349a1c5ed7715195f0) Importer(815301076,1909f56bfc062723c751e8b465ee728b)  -> (artifact id: '7653913b91859696b3909f21b5286375') in 0.004161 seconds 
  Import took 0.006549 seconds .

========================================================================
Received Prepare
Registering precompiled user dll's ...
Registered in 0.005838 seconds.
Begin MonoManager ReloadAssembly
Native extension for WindowsStandalone target not found
Native extension for WebGL target not found
Refreshing native plugins compatible for Editor in 1.17 ms, found 3 plugins.
Preloading 0 native plugins for Editor in 0.00 ms.
Mono: successfully reloaded assembly
- Completed reload, in  0.912 seconds
Domain Reload Profiling:
	ReloadAssembly (913ms)
		BeginReloadAssembly (114ms)
			ExecutionOrderSort (0ms)
			DisableScriptedObjects (5ms)
			BackupInstance (0ms)
			ReleaseScriptingObjects (0ms)
			CreateAndSetChildDomain (26ms)
		EndReloadAssembly (735ms)
			LoadAssemblies (99ms)
			RebuildTransferFunctionScriptingTraits (0ms)
			SetupTypeCache (244ms)
			ReleaseScriptCaches (1ms)
			RebuildScriptCaches (34ms)
			SetupLoadedEditorAssemblies (282ms)
				LogAssemblyErrors (0ms)
				InitializePlatformSupportModulesInManaged (8ms)
				SetLoadedEditorAssemblies (1ms)
				RefreshPlugins (1ms)
				BeforeProcessingInitializeOnLoad (82ms)
				ProcessInitializeOnLoadAttributes (168ms)
				ProcessInitializeOnLoadMethodAttributes (10ms)
				AfterProcessingInitializeOnLoad (12ms)
				EditorAssembliesLoaded (0ms)
			ExecutionOrderSort2 (0ms)
			AwakeInstancesAfterBackupRestoration (8ms)
Platform modules already initialized, skipping
Refreshing native plugins compatible for Editor in 0.46 ms, found 3 plugins.
Preloading 0 native plugins for Editor in 0.00 ms.
Unloading 2184 Unused Serialized files (Serialized files now loaded: 0)
System memory in use before: 99.0 MB.
System memory in use after: 99.1 MB.

Unloading 17 unused Assets to reduce memory usage. Loaded Objects now: 2652.
Total: 2.736600 ms (FindLiveObjects: 0.151900 ms CreateObjectMapping: 0.073800 ms MarkObjects: 2.496900 ms  DeleteObjects: 0.013100 ms)

AssetImportParameters requested are different than current active one (requested -> active):
  custom:framework-win-MediaFoundation: 216162199b28c13a410421893ffa2e32 -> 
  custom:video-decoder-ogg-theora: a1e56fd34408186e4bbccfd4996cb3dc -> 
  custom:container-muxer-webm: aa71ff27fc2769a1b78a27578f13a17b -> 
  custom:container-demuxer-webm: 4f35f7cbe854078d1ac9338744f61a02 -> 
  custom:container-demuxer-ogg: 62fdf1f143b41e24485cea50d1cbac27 -> 
  custom:video-encoder-webm-vp8: eb34c28f22e8b96e1ab97ce403110664 -> 
  custom:video-decoder-webm-vp8: 9c59270c3fd7afecdb556c50c9e8de78 -> 
  custom:audio-decoder-ogg-vorbis: bf7c407c2cedff20999df2af8eb42d56 -> 
  custom:audio-encoder-webm-vorbis: bf7c407c2cedff20999df2af8eb42d56 -> 
========================================================================
Received Import Request.
  Time since last request: 185.837673 seconds.
  path: Assets/腳本/TopDown.cs
  artifactKey: Guid(f52439358ca7d0349a1c5ed7715195f0) Importer(815301076,1909f56bfc062723c751e8b465ee728b)
Start importing Assets/腳本/TopDown.cs using Guid(f52439358ca7d0349a1c5ed7715195f0) Importer(815301076,1909f56bfc062723c751e8b465ee728b)  -> (artifact id: 'adbebd7be5d5737163cc6f7f4c3eb51a') in 0.004275 seconds 
  Import took 0.006713 seconds .

AssetImportWorkerClient::OnTransportError - code=2 error=End of file
